<?xml version="1.0" encoding="UTF-8"?>
<!-- Generated by org.testng.reporters.JUnitXMLReporter -->
<testsuite ignored="0" hostname="DESKTOP-BG0G3RF" failures="0" tests="3" name="Surefire test" time="6.552" errors="0" timestamp="2024-11-16T12:04:53 ICT">
  <testcase classname="listeners.TestNgListenerDemo" name="Test1" time="0.005"/>
  <testcase classname="listeners.TestNgListenerDemo" name="Test2" time="6.498"/>
  <testcase classname="listeners.TestNgListenerDemo" name="Test3" time="0.001">
    <skipped/>
  </testcase> <!-- Test3 -->
</testsuite> <!-- Surefire test -->
