<?xml version="1.0" encoding="UTF-8"?>
<!-- Generated by org.testng.reporters.JUnitXMLReporter -->
<testsuite ignored="0" hostname="DESKTOP-BG0G3RF" failures="0" tests="4" name="Default test" time="0.085" errors="0" timestamp="2024-11-14T14:04:25 ICT">
  <testcase classname="testNgPrioritize.TestNgGroupDemo" name="test1" time="0.006"/>
  <testcase classname="testNgPrioritize.TestNgGroupDemo" name="test2" time="0.002"/>
  <testcase classname="testNgPrioritize.TestNgGroupDemo" name="test3" time="0.001"/>
  <testcase classname="testNgPrioritize.TestNgGroupDemo" name="test4" time="0.002"/>
</testsuite> <!-- Default test -->
