<?xml version="1.0" encoding="UTF-8"?>
<!-- Generated by org.testng.reporters.JUnitXMLReporter -->
<testsuite ignored="0" hostname="DESKTOP-BG0G3RF" failures="0" tests="6" name="Default test" time="24.224" errors="0" timestamp="2024-11-14T11:07:50 ICT">
  <testcase classname="utility.ExcelDataProvider" name="test1" time="6.572"/>
  <testcase classname="utility.ExcelDataProvider" name="test1" time="2.679"/>
  <testcase classname="utility.ExcelDataProvider" name="test1" time="2.671"/>
  <testcase classname="utility.ExcelDataProvider" name="test1" time="2.737"/>
  <testcase classname="utility.ExcelDataProvider" name="test1" time="2.768"/>
  <testcase classname="utility.ExcelDataProvider" name="test1" time="2.683"/>
</testsuite> <!-- Default test -->
