<?xml version="1.0" encoding="UTF-8"?>
<!-- Generated by org.testng.reporters.JUnitXMLReporter -->
<testsuite ignored="2" hostname="DESKTOP-BG0G3RF" failures="0" tests="2" name="Test" time="0.127" errors="0" timestamp="2024-11-14T14:00:44 ICT">
  <testcase classname="testNgPrioritize.TestNgGroupDemo" name="test2" time="0.013"/>
  <testcase classname="testNgPrioritize.TestNgGroupDemo" name="test3" time="0.003"/>
  <testcase classname="testNgPrioritize.TestNgGroupDemo" name="test4" time="0.0">
    <ignored/>
  </testcase> <!-- test4 -->
  <testcase classname="testNgPrioritize.TestNgGroupDemo" name="test1" time="0.0">
    <ignored/>
  </testcase> <!-- test1 -->
</testsuite> <!-- Test -->
