<?xml version="1.0" encoding="UTF-8"?>
<!-- Generated by org.testng.reporters.JUnitXMLReporter -->
<testsuite ignored="0" hostname="DESKTOP-BG0G3RF" failures="1" tests="6" name="Test" time="6.343" errors="0" timestamp="2024-11-16T11:22:25 ICT">
  <testcase classname="listeners.TestNgListenerDemo" name="Test1" time="0.007"/>
  <testcase classname="listeners.TestNgListenerDemo" name="Test2" time="6.287"/>
  <testcase classname="listeners.TestNgListenerDemo" name="Test3" time="0.001">
    <skipped/>
  </testcase> <!-- Test3 -->
  <testcase classname="listeners.TestNgListenerDemo2" name="Test4" time="0.0"/>
  <testcase classname="listeners.TestNgListenerDemo2" name="Test5" time="0.009">
    <failure type="java.lang.AssertionError" message="expected [true] but found [false]">
      <![CDATA[java.lang.AssertionError: expected [true] but found [false]
at listeners.TestNgListenerDemo2.Test5(TestNgListenerDemo2.java:17)
at java.base/java.util.ArrayList.forEach(ArrayList.java:1511)
... Removed 31 stack frames]]>
    </failure>
  </testcase> <!-- Test5 -->
  <testcase classname="listeners.TestNgListenerDemo2" name="Test6" time="0.001">
    <skipped/>
  </testcase> <!-- Test6 -->
</testsuite> <!-- Test -->
