<?xml version="1.0" encoding="UTF-8"?>
<!-- Generated by org.testng.reporters.JUnitXMLReporter -->
<testsuite ignored="1" hostname="DESKTOP-BG0G3RF" failures="0" tests="2" name="Test1" time="14.783" errors="0" timestamp="2024-11-04T23:13:18 ICT">
  <testcase classname="test1.TestNg_Demo2" name="google_Search3" time="6.21"/>
  <testcase classname="test1.TestNg_Demo" name="google_Search" time="12.671"/>
  <testcase classname="test1.TestNg_Demo2" name="google_Search20" time="0.0">
    <ignored/>
  </testcase> <!-- google_Search20 -->
</testsuite> <!-- Test1 -->
