<?xml version="1.0" encoding="UTF-8"?>
<!-- Generated by org.testng.reporters.JUnitXMLReporter -->
<testsuite ignored="0" hostname="DESKTOP-BG0G3RF" failures="0" tests="3" name="Command line test" time="18.141" errors="0" timestamp="2024-11-09T11:49:34 ICT">
  <testcase classname="test1.TestNg_Demo" name="google_Search" time="7.519"/>
  <testcase classname="test1.TestNg_Demo2" name="google_Search20" time="3.993"/>
  <testcase classname="test1.TestNg_Demo2" name="google_Search3" time="3.527"/>
</testsuite> <!-- Command line test -->
