<?xml version="1.0" encoding="UTF-8"?>
<testsuite xmlns:xsi="http://www.w3.org/2001/XMLSchema-instance" xsi:noNamespaceSchemaLocation="https://maven.apache.org/surefire/maven-surefire-plugin/xsd/surefire-test-report-3.0.xsd" version="3.0" name="listeners.TestNgListenerDemo" time="7.023" tests="3" errors="0" skipped="1" failures="0">
  <properties>
[...]
</properties>
  <testcase name="Test1" classname="listeners.TestNgListenerDemo" time="0.003">
    <system-out><![CDATA[***************Test Start****************Test1
This is Test1 
]]></system-out>
    <system-err><![CDATA[SLF4J: No SLF4J providers were found.
SLF4J: Defaulting to no-operation (NOP) logger implementation
SLF4J: See https://www.slf4j.org/codes.html#noProviders for further details.
SLF4J: Class path contains SLF4J bindings targeting slf4j-api versions 1.7.x or earlier.
SLF4J: Ignoring binding found at [jar:file:/C:/Users/sunsa/.m2/repository/org/apache/logging/log4j/log4j-slf4j-impl/2.17.1/log4j-slf4j-impl-2.17.1.jar!/org/slf4j/impl/StaticLoggerBinder.class]
SLF4J: See https://www.slf4j.org/codes.html#ignoredBindings for an explanation.
]]></system-err>
  </testcase>
  <testcase name="Test2" classname="listeners.TestNgListenerDemo" time="6.498">
    <system-out><![CDATA[***************Test Succesfull****************Test1
***************Test Start****************Test2
This is Test2 
]]></system-out>
  </testcase>
  <testcase name="Test3" classname="listeners.TestNgListenerDemo" time="0">
    <skipped message="This is Skipe"/>
    <system-out><![CDATA[***************Test Succesfull****************Test2
***************Test Start****************Test3
This is Test3 
]]></system-out>
  </testcase>
</testsuite>