<?xml version="1.0" encoding="UTF-8"?>
<testng-results ignored="0" total="3" passed="3" failed="0" skipped="0">
  <reporter-output>
  </reporter-output>
  <suite started-at="2024-11-09T11:49:16 ICT" name="Command line suite" finished-at="2024-11-09T11:49:34 ICT" duration-ms="18141">
    <groups>
    </groups>
    <test started-at="2024-11-09T11:49:16 ICT" name="Command line test" finished-at="2024-11-09T11:49:34 ICT" duration-ms="18141">
      <class name="test1.TestNg_Demo2">
        <test-method is-config="true" signature="setUpTest()[pri:0, instance:test1.TestNg_Demo2@3d299e3]" started-at="2024-11-09T11:49:18 ICT" name="setUpTest" finished-at="2024-11-09T11:49:18 ICT" duration-ms="852" status="PASS">
          <reporter-output>
          </reporter-output>
        </test-method> <!-- setUpTest -->
        <test-method signature="google_Search20()[pri:0, instance:test1.TestNg_Demo2@3d299e3]" started-at="2024-11-09T11:49:26 ICT" name="google_Search20" finished-at="2024-11-09T11:49:30 ICT" duration-ms="3993" status="PASS">
          <reporter-output>
          </reporter-output>
        </test-method> <!-- google_Search20 -->
        <test-method signature="google_Search3()[pri:0, instance:test1.TestNg_Demo2@3d299e3]" started-at="2024-11-09T11:49:30 ICT" name="google_Search3" finished-at="2024-11-09T11:49:33 ICT" duration-ms="3527" status="PASS">
          <reporter-output>
          </reporter-output>
        </test-method> <!-- google_Search3 -->
        <test-method is-config="true" signature="tearDownTest()[pri:0, instance:test1.TestNg_Demo2@3d299e3]" started-at="2024-11-09T11:49:34 ICT" name="tearDownTest" finished-at="2024-11-09T11:49:34 ICT" duration-ms="343" status="PASS">
          <reporter-output>
          </reporter-output>
        </test-method> <!-- tearDownTest -->
      </class> <!-- test1.TestNg_Demo2 -->
      <class name="test1.TestNg_Demo">
        <test-method is-config="true" signature="setUpTest()[pri:0, instance:test1.TestNg_Demo@48524010]" started-at="2024-11-09T11:49:16 ICT" name="setUpTest" finished-at="2024-11-09T11:49:18 ICT" duration-ms="1582" status="PASS">
          <reporter-output>
          </reporter-output>
        </test-method> <!-- setUpTest -->
        <test-method signature="google_Search()[pri:0, instance:test1.TestNg_Demo@48524010]" started-at="2024-11-09T11:49:18 ICT" name="google_Search" finished-at="2024-11-09T11:49:26 ICT" duration-ms="7519" status="PASS">
          <reporter-output>
          </reporter-output>
        </test-method> <!-- google_Search -->
        <test-method is-config="true" signature="tearDownTest()[pri:0, instance:test1.TestNg_Demo@48524010]" started-at="2024-11-09T11:49:33 ICT" name="tearDownTest" finished-at="2024-11-09T11:49:34 ICT" duration-ms="280" status="PASS">
          <reporter-output>
          </reporter-output>
        </test-method> <!-- tearDownTest -->
      </class> <!-- test1.TestNg_Demo -->
    </test> <!-- Command line test -->
  </suite> <!-- Command line suite -->
</testng-results>
