<?xml version="1.0" encoding="UTF-8"?>
<testng-results ignored="0" total="3" passed="3" failed="0" skipped="0">
  <reporter-output>
  </reporter-output>
  <suite started-at="2024-11-14T14:53:14 ICT" name="Default suite" finished-at="2024-11-14T14:53:14 ICT" duration-ms="61">
    <groups>
    </groups>
    <test started-at="2024-11-14T14:53:14 ICT" name="Default test" finished-at="2024-11-14T14:53:14 ICT" duration-ms="61">
      <class name="testNgPrioritize.TestNgDependenDemo">
        <test-method signature="test2()[pri:0, instance:testNgPrioritize.TestNgDependenDemo@3e27aa33]" started-at="2024-11-14T14:53:14 ICT" name="test2" finished-at="2024-11-14T14:53:14 ICT" duration-ms="11" status="PASS">
          <reporter-output>
          </reporter-output>
        </test-method> <!-- test2 -->
        <test-method signature="test3()[pri:0, instance:testNgPrioritize.TestNgDependenDemo@3e27aa33]" started-at="2024-11-14T14:53:14 ICT" name="test3" finished-at="2024-11-14T14:53:14 ICT" duration-ms="1" status="PASS">
          <reporter-output>
          </reporter-output>
        </test-method> <!-- test3 -->
        <test-method signature="test1()[pri:0, instance:testNgPrioritize.TestNgDependenDemo@3e27aa33]" started-at="2024-11-14T14:53:14 ICT" name="test1" finished-at="2024-11-14T14:53:14 ICT" depends-on-methods="testNgPrioritize.TestNgDependenDemo.test2, testNgPrioritize.TestNgDependenDemo.test3" duration-ms="1" status="PASS">
          <reporter-output>
          </reporter-output>
        </test-method> <!-- test1 -->
      </class> <!-- testNgPrioritize.TestNgDependenDemo -->
    </test> <!-- Default test -->
  </suite> <!-- Default suite -->
</testng-results>
