<?xml version="1.0" encoding="UTF-8"?>
<testng-results ignored="0" total="1" passed="1" failed="0" skipped="0">
  <reporter-output>
  </reporter-output>
  <suite started-at="2024-11-09T14:13:25 ICT" name="Default suite" finished-at="2024-11-09T14:13:35 ICT" duration-ms="10551">
    <groups>
    </groups>
    <test started-at="2024-11-09T14:13:25 ICT" name="Default test" finished-at="2024-11-09T14:13:35 ICT" duration-ms="10551">
      <class name="test1.TestNg_Demo">
        <test-method is-config="true" signature="setUpTest()[pri:0, instance:test1.TestNg_Demo@548d708a]" started-at="2024-11-09T14:13:25 ICT" name="setUpTest" finished-at="2024-11-09T14:13:26 ICT" duration-ms="1231" status="PASS">
          <reporter-output>
          </reporter-output>
        </test-method> <!-- setUpTest -->
        <test-method signature="google_Search()[pri:0, instance:test1.TestNg_Demo@548d708a]" started-at="2024-11-09T14:13:26 ICT" name="google_Search" finished-at="2024-11-09T14:13:34 ICT" duration-ms="8572" status="PASS">
          <reporter-output>
          </reporter-output>
        </test-method> <!-- google_Search -->
        <test-method is-config="true" signature="tearDownTest()[pri:0, instance:test1.TestNg_Demo@548d708a]" started-at="2024-11-09T14:13:34 ICT" name="tearDownTest" finished-at="2024-11-09T14:13:35 ICT" duration-ms="722" status="PASS">
          <reporter-output>
          </reporter-output>
        </test-method> <!-- tearDownTest -->
      </class> <!-- test1.TestNg_Demo -->
    </test> <!-- Default test -->
  </suite> <!-- Default suite -->
</testng-results>
